2023.10.02 06:43:36 INFO  Started: Metals version 1.0.1 in folders 'C:\Users\William\fireworks' for client Visual Studio Code 1.82.2.
Oct 02, 2023 6:43:36 AM org.flywaydb.core.internal.license.VersionPrinter printVersionOnly
INFO: Flyway Community Edition 9.21.2 by Redgate
Oct 02, 2023 6:43:36 AM org.flywaydb.core.internal.license.VersionPrinter printVersion
INFO: See release notes here: https://rd.gt/416ObMi
Oct 02, 2023 6:43:36 AM org.flywaydb.core.internal.license.VersionPrinter printVersion
INFO: 
Oct 02, 2023 6:43:36 AM org.flywaydb.core.FlywayExecutor execute
INFO: Database: jdbc:h2:file:C:\Users\William\fireworks\.metals\metals (H2 2.1)
Oct 02, 2023 6:43:36 AM org.flywaydb.core.internal.schemahistory.JdbcTableSchemaHistory allAppliedMigrations
INFO: Schema history table "PUBLIC"."flyway_schema_history" does not exist yet
Oct 02, 2023 6:43:36 AM org.flywaydb.core.internal.command.DbValidate validate
INFO: Successfully validated 4 migrations (execution time 00:00.013s)
Oct 02, 2023 6:43:36 AM org.flywaydb.core.internal.schemahistory.JdbcTableSchemaHistory create
INFO: Creating Schema History table "PUBLIC"."flyway_schema_history" ...
Oct 02, 2023 6:43:37 AM org.flywaydb.core.internal.command.DbMigrate migrateGroup
INFO: Current version of schema "PUBLIC": << Empty Schema >>
Oct 02, 2023 6:43:37 AM org.flywaydb.core.internal.command.DbMigrate doMigrateGroup
INFO: Migrating schema "PUBLIC" to version "1 - Create tables"
Oct 02, 2023 6:43:37 AM org.flywaydb.core.internal.command.DbMigrate doMigrateGroup
INFO: Migrating schema "PUBLIC" to version "2 - Server discovery"
Oct 02, 2023 6:43:37 AM org.flywaydb.core.internal.command.DbMigrate doMigrateGroup
INFO: Migrating schema "PUBLIC" to version "3 - Jar symbols"
Oct 02, 2023 6:43:37 AM org.flywaydb.core.internal.command.DbMigrate doMigrateGroup
INFO: Migrating schema "PUBLIC" to version "4 - Fingerprints"
Oct 02, 2023 6:43:37 AM org.flywaydb.core.internal.command.DbMigrate logSummary
INFO: Successfully applied 4 migrations to schema "PUBLIC", now at version v4 (execution time 00:00.012s)
2023.10.02 06:43:37 INFO  time: initialize in 0.6s
2023.10.02 06:43:39 INFO  no build target found for C:\Users\William\fireworks\fireworks\src\main\scala\fireworks\Fireworks.scala. Using presentation compiler with project's scala-library version: 3.3.0
2023.10.02 06:43:40 INFO  Running List(C:\Users\William\AppData\Local\Coursier\data\bin\scala-cli.BAT, setup-ide, C:\Users\William\fireworks)
2023.10.02 06:43:41 INFO  time: code lens generation in 2.38s
2023.10.02 06:43:41 INFO  Attempting to connect to the build server...
2023.10.02 06:43:41 INFO  Running BSP server List(C:\Users\William\AppData\Local\Coursier\data\bin\.scala-cli.aux.exe, bsp, --json-options, C:\Users\William\fireworks\.scala-build\ide-options-v2.json, C:\Users\William\fireworks)
2023.10.02 06:43:42 WARN  No build session currently active to reload.
2023.10.02 06:43:43 INFO  tracing is disabled for protocol BSP, to enable tracing of incoming and outgoing JSON messages create an empty file at C:\Users\William\fireworks\.metals\bsp.trace.json or C:\Users\William\AppData\Local\scalameta\metals\cache\bsp.trace.json
2023.10.02 06:43:44 INFO  BSP server: Checking https://github.com/coursier/jvm-index/raw/master/index.json
2023.10.02 06:43:44 INFO  BSP server: Checked https://github.com/coursier/jvm-index/raw/master/index.json
2023.10.02 06:43:44 INFO  BSP server: Downloading https://github.com/coursier/jvm-index/raw/master/index.json
2023.10.02 06:43:44 INFO  BSP server: Downloaded https://github.com/coursier/jvm-index/raw/master/index.json
2023.10.02 06:43:44 INFO  BSP server: Starting compilation server
2023.10.02 06:43:49 INFO  BSP server: Checking https://repo1.maven.org/maven2/org/scala-lang/scala-library/
2023.10.02 06:43:49 INFO  BSP server: Checked https://repo1.maven.org/maven2/org/scala-lang/scala-library/
2023.10.02 06:43:49 INFO  BSP server: Checking https://repo1.maven.org/maven2/org/scala-lang/scala-library/maven-metadata.xml
2023.10.02 06:43:49 INFO  BSP server: Checked https://repo1.maven.org/maven2/org/scala-lang/scala-library/maven-metadata.xml
2023.10.02 06:43:49 INFO  BSP server: Checking https://repo1.maven.org/maven2/org/scala-lang/scala3-library_3/
2023.10.02 06:43:49 INFO  BSP server: Checked https://repo1.maven.org/maven2/org/scala-lang/scala3-library_3/
2023.10.02 06:43:49 INFO  BSP server: Downloading https://repo1.maven.org/maven2/org/scala-lang/scala3-library_3/
2023.10.02 06:43:49 INFO  BSP server: Downloaded https://repo1.maven.org/maven2/org/scala-lang/scala3-library_3/
2023.10.02 06:43:49 INFO  BSP server: Checking https://repo1.maven.org/maven2/org/scala-lang/scala3-library_3/maven-metadata.xml
2023.10.02 06:43:49 INFO  BSP server: Checked https://repo1.maven.org/maven2/org/scala-lang/scala3-library_3/maven-metadata.xml
2023.10.02 06:43:49 INFO  BSP server: Downloading https://repo1.maven.org/maven2/org/scala-lang/scala3-library_3/maven-metadata.xml
2023.10.02 06:43:49 INFO  BSP server: Downloaded https://repo1.maven.org/maven2/org/scala-lang/scala3-library_3/maven-metadata.xml
2023.10.02 06:43:49 INFO  time: Connected to build server in 7.53s
2023.10.02 06:43:49 INFO  Connected to Build server: scala-cli v1.0.4
2023.10.02 06:43:50 INFO  time: Imported build in 0.26s
2023.10.02 06:43:50 INFO  compiling fireworks_bd2c96d2de (5 scala sources)
2023.10.02 06:43:50 INFO  no build target found for C:\Users\William\fireworks\fireworks\src\main\scala\fireworks\Fireworks.scala. Using presentation compiler with project's scala-library version: 3.3.0
2023.10.02 06:43:50 WARN  Could not find java sources in C:\Program Files (x86)\Java\src.zip, C:\Program Files (x86)\Java\lib\src.zip, C:\Program Files (x86)\Java\jre1.8.0_351\src.zip, C:\Program Files (x86)\Java\jre1.8.0_351\lib\src.zip, C:\Program Files (x86)\Java\src.zip, C:\Program Files (x86)\Java\lib\src.zip, C:\Program Files (x86)\Java\jre1.8.0_351\src.zip, C:\Program Files (x86)\Java\jre1.8.0_351\lib\src.zip. Java symbols will not be available.
2023.10.02 06:43:52 WARN  Could not find java sources in C:\Program Files (x86)\Java\src.zip, C:\Program Files (x86)\Java\lib\src.zip, C:\Program Files (x86)\Java\jre1.8.0_351\src.zip, C:\Program Files (x86)\Java\jre1.8.0_351\lib\src.zip, C:\Program Files (x86)\Java\src.zip, C:\Program Files (x86)\Java\lib\src.zip, C:\Program Files (x86)\Java\jre1.8.0_351\src.zip, C:\Program Files (x86)\Java\jre1.8.0_351\lib\src.zip. Java symbols will not be available.
2023.10.02 06:43:52 WARN  Could not find java sources in C:\Program Files (x86)\Java\src.zip, C:\Program Files (x86)\Java\lib\src.zip, C:\Program Files (x86)\Java\jre1.8.0_351\src.zip, C:\Program Files (x86)\Java\jre1.8.0_351\lib\src.zip, C:\Program Files (x86)\Java\src.zip, C:\Program Files (x86)\Java\lib\src.zip, C:\Program Files (x86)\Java\jre1.8.0_351\src.zip, C:\Program Files (x86)\Java\jre1.8.0_351\lib\src.zip. Java symbols will not be available.
2023.10.02 06:43:52 INFO  time: indexed workspace in 1.88s
2023.10.02 06:43:54 INFO  time: compiled fireworks_bd2c96d2de in 3.79s
2023.10.02 06:43:54 INFO  compiling fireworks_bd2c96d2de (5 scala sources)
2023.10.02 06:43:55 INFO  time: compiled fireworks_bd2c96d2de in 1.02s
2023.10.02 06:43:55 INFO  compiling fireworks_bd2c96d2de (5 scala sources)
2023.10.02 06:43:56 INFO  time: compiled fireworks_bd2c96d2de in 0.82s
2023.10.02 06:43:56 INFO  compiling fireworks_bd2c96d2de (5 scala sources)
2023.10.02 06:43:57 INFO  time: compiled fireworks_bd2c96d2de in 0.92s
Oct 02, 2023 6:56:10 AM org.eclipse.lsp4j.jsonrpc.RemoteEndpoint handleCancellation
WARNING: Unmatched cancel notification for request id 247
2023.10.02 07:04:06 WARN  Using indexes to guess the definition of Launched
2023.10.02 07:07:01 WARN  Using indexes to guess the definition of Motion
2023.10.02 07:11:54 WARN  no build target for: C:\Users\William\fireworks\fireworks\build.sbt
2023.10.02 07:11:54 WARN  Could not find semantic tokens for: file:///C:/Users/William/fireworks/fireworks/build.sbt
2023.10.02 07:11:54 WARN  Could not find semantic tokens for: file:///C:/Users/William/fireworks/fireworks/build.sbt
2023.10.02 07:12:12 WARN  Could not find semantic tokens for: file:///C:/Users/William/fireworks/fireworks/build.sbt
2023.10.02 07:12:12 WARN  Could not find semantic tokens for: file:///C:/Users/William/fireworks/fireworks/build.sbt
2023.10.02 07:12:14 WARN  Could not find semantic tokens for: file:///C:/Users/William/fireworks/fireworks/build.sbt
2023.10.02 07:12:15 WARN  Could not find semantic tokens for: file:///C:/Users/William/fireworks/fireworks/build.sbt
2023.10.02 07:12:16 WARN  Could not find semantic tokens for: file:///C:/Users/William/fireworks/fireworks/build.sbt
2023.10.02 07:13:06 WARN  Could not find semantic tokens for: file:///C:/Users/William/fireworks/fireworks/build.sbt
2023.10.02 07:13:07 WARN  Could not find semantic tokens for: file:///C:/Users/William/fireworks/fireworks/build.sbt
2023.10.02 07:13:34 WARN  Could not find semantic tokens for: file:///C:/Users/William/fireworks/fireworks/build.sbt
2023.10.02 07:13:34 WARN  Could not find semantic tokens for: file:///C:/Users/William/fireworks/fireworks/build.sbt
2023.10.02 07:13:52 INFO  compiling fireworks_bd2c96d2de (5 scala sources)
2023.10.02 07:13:52 INFO  time: compiled fireworks_bd2c96d2de in 0.64s
2023.10.02 07:13:57 INFO  compiling fireworks_bd2c96d2de (5 scala sources)
2023.10.02 07:13:57 INFO  time: compiled fireworks_bd2c96d2de in 0.52s
2023.10.02 07:16:55 INFO  compiling fireworks_bd2c96d2de (5 scala sources)
2023.10.02 07:16:55 INFO  time: compiled fireworks_bd2c96d2de in 0.69s
2023.10.02 07:17:04 WARN  no build target for: C:\Users\William\fireworks\fireworks\build.sbt
Oct 02, 2023 7:17:05 AM org.eclipse.lsp4j.jsonrpc.RemoteEndpoint fallbackResponseError
SEVERE: Internal error: scala.meta.internal.metals.debug.DebugProvider$WorkspaceErrorsException$: Cannot run class, since the workspace has errors.
java.util.concurrent.CompletionException: scala.meta.internal.metals.debug.DebugProvider$WorkspaceErrorsException$: Cannot run class, since the workspace has errors.
	at java.util.concurrent.CompletableFuture.encodeThrowable(Unknown Source)
	at java.util.concurrent.CompletableFuture.completeThrowable(Unknown Source)
	at java.util.concurrent.CompletableFuture.uniAccept(Unknown Source)
	at java.util.concurrent.CompletableFuture$UniAccept.tryFire(Unknown Source)
	at java.util.concurrent.CompletableFuture.uniAcceptStage(Unknown Source)
	at java.util.concurrent.CompletableFuture.thenAcceptAsync(Unknown Source)
	at scala.concurrent.java8.FuturesConvertersImpl$CF.thenAccept(FutureConvertersImpl.scala:37)
	at org.eclipse.lsp4j.jsonrpc.RemoteEndpoint.handleRequest(RemoteEndpoint.java:279)
	at org.eclipse.lsp4j.jsonrpc.RemoteEndpoint.consume(RemoteEndpoint.java:190)
	at org.eclipse.lsp4j.jsonrpc.json.StreamMessageProducer.handleMessage(StreamMessageProducer.java:194)
	at org.eclipse.lsp4j.jsonrpc.json.StreamMessageProducer.listen(StreamMessageProducer.java:94)
	at org.eclipse.lsp4j.jsonrpc.json.ConcurrentMessageProcessor.run(ConcurrentMessageProcessor.java:113)
	at java.util.concurrent.Executors$RunnableAdapter.call(Unknown Source)
	at java.util.concurrent.FutureTask.run(Unknown Source)
	at java.util.concurrent.ThreadPoolExecutor.runWorker(Unknown Source)
	at java.util.concurrent.ThreadPoolExecutor$Worker.run(Unknown Source)
	at java.lang.Thread.run(Unknown Source)
Caused by: scala.meta.internal.metals.debug.DebugProvider$WorkspaceErrorsException$: Cannot run class, since the workspace has errors.
	at scala.meta.internal.metals.debug.DebugProvider$WorkspaceErrorsException$.<clinit>(DebugProvider.scala:915)
	at scala.meta.internal.metals.debug.DebugProvider.debugDiscovery(DebugProvider.scala:468)
	at scala.meta.internal.metals.debug.DebugProvider.runCommandDiscovery(DebugProvider.scala:420)
	at scala.meta.internal.metals.MetalsLspService.discoverMainClasses(MetalsLspService.scala:1676)
	at scala.meta.internal.metals.WorkspaceLspService.executeCommand(WorkspaceLspService.scala:686)
	at scala.meta.metals.lsp.DelegatingScalaService.executeCommand(DelegatingScalaService.scala:169)
	at sun.reflect.NativeMethodAccessorImpl.invoke0(Native Method)
	at sun.reflect.NativeMethodAccessorImpl.invoke(Unknown Source)
	at sun.reflect.DelegatingMethodAccessorImpl.invoke(Unknown Source)
	at java.lang.reflect.Method.invoke(Unknown Source)
	at org.eclipse.lsp4j.jsonrpc.services.GenericEndpoint.lambda$null$0(GenericEndpoint.java:65)
	at org.eclipse.lsp4j.jsonrpc.services.GenericEndpoint.request(GenericEndpoint.java:120)
	at org.eclipse.lsp4j.jsonrpc.RemoteEndpoint.handleRequest(RemoteEndpoint.java:261)
	... 9 more

2023.10.02 07:17:05 INFO  compiling fireworks_bd2c96d2de (5 scala sources)
2023.10.02 07:17:05 INFO  time: compiled fireworks_bd2c96d2de in 0.17s
Oct 02, 2023 7:20:51 AM org.eclipse.lsp4j.jsonrpc.services.GenericEndpoint notify
INFO: Unsupported notification method: $/setTrace
